<?xml version="1.0" encoding="UTF-8"?>
<testng-results ignored="0" total="1" passed="1" failed="0" skipped="0">
  <reporter-output>
  </reporter-output>
  <suite started-at="2024-12-14T14:50:52 IST" name="Default suite" finished-at="2024-12-14T14:50:57 IST" duration-ms="4819">
    <groups>
    </groups>
    <test started-at="2024-12-14T14:50:52 IST" name="Default test" finished-at="2024-12-14T14:50:57 IST" duration-ms="4819">
      <class name="com.eviltester.apichallenges.TC_001">
        <test-method signature="getSingleEntity()[pri:0, instance:com.eviltester.apichallenges.TC_001@55141def]" started-at="2024-12-14T14:50:52 IST" name="getSingleEntity" finished-at="2024-12-14T14:50:57 IST" duration-ms="4728" status="PASS">
          <reporter-output>
          </reporter-output>
        </test-method> <!-- getSingleEntity -->
      </class> <!-- com.eviltester.apichallenges.TC_001 -->
    </test> <!-- Default test -->
  </suite> <!-- Default suite -->
</testng-results>
