<?xml version="1.0" encoding="UTF-8"?>
<testng-results ignored="0" total="1" passed="1" failed="0" skipped="0">
  <reporter-output>
  </reporter-output>
  <suite started-at="2024-12-14T12:35:46 IST" name="Default suite" finished-at="2024-12-14T12:35:50 IST" duration-ms="4045">
    <groups>
    </groups>
    <test started-at="2024-12-14T12:35:46 IST" name="Default test" finished-at="2024-12-14T12:35:50 IST" duration-ms="4045">
      <class name="test.fisrtScript">
        <test-method signature="getListUsers()[pri:0, instance:test.fisrtScript@55141def]" started-at="2024-12-14T12:35:46 IST" name="getListUsers" finished-at="2024-12-14T12:35:50 IST" duration-ms="3952" status="PASS">
          <reporter-output>
          </reporter-output>
        </test-method> <!-- getListUsers -->
      </class> <!-- test.fisrtScript -->
    </test> <!-- Default test -->
  </suite> <!-- Default suite -->
</testng-results>
